<?xml version="1.0" encoding="UTF-8"?>
<!-- Generated by org.testng.reporters.JUnitXMLReporter -->
<testsuite ignored="1" hostname="LAPTOP-0DN0DJQL" failures="1" tests="2" name="Test_chrome" time="48.156" errors="0" timestamp="2022-10-20T20:00:46 IST">
  <testcase classname="com.Test.Test_1" name="verify_test1" time="5.904">
    <failure type="java.lang.AssertionError" message="expected [Facebook] but found [Log in to Facebook]">
      <![CDATA[java.lang.AssertionError: expected [Facebook] but found [Log in to Facebook]
at com.Test.Test_1.verify_test1(Test_1.java:27)
at java.base/java.util.ArrayList.forEach(ArrayList.java:1511)
... Removed 31 stack frames]]>
    </failure>
  </testcase> <!-- verify_test1 -->
  <testcase classname="com.Test.Test_2" name="test2" time="0.002"/>
  <testcase classname="com.utility.BaseClass" name="@BeforeSuite BS_initialization" time="0.0">
    <ignored/>
  </testcase> <!-- @BeforeSuite BS_initialization -->
</testsuite> <!-- Test_chrome -->
