<?xml version="1.0" encoding="UTF-8"?>
<testng-results ignored="2" total="6" passed="2" failed="2" skipped="0">
  <reporter-output>
  </reporter-output>
  <suite started-at="2022-10-20T19:59:58 IST" name="Suite" finished-at="2022-10-20T20:02:02 IST" duration-ms="124771">
    <groups>
    </groups>
    <test started-at="2022-10-20T19:59:58 IST" name="Test_chrome" finished-at="2022-10-20T20:00:46 IST" duration-ms="48156">
      <class name="com.Test.Test_2">
        <test-method is-config="true" signature="broswerOpen(java.lang.String)[pri:0, instance:com.Test.Test_2@6f204a1a]" started-at="2022-10-20T20:00:33 IST" name="broswerOpen" finished-at="2022-10-20T20:00:45 IST" duration-ms="12766" status="PASS">
          <params>
            <param index="0">
              <value>
                <![CDATA[chrome]]>
              </value>
            </param>
          </params>
          <reporter-output>
          </reporter-output>
        </test-method> <!-- broswerOpen -->
        <test-method signature="test2()[pri:0, instance:com.Test.Test_2@6f204a1a]" started-at="2022-10-20T20:00:45 IST" name="test2" finished-at="2022-10-20T20:00:45 IST" duration-ms="2" status="PASS">
          <reporter-output>
          </reporter-output>
        </test-method> <!-- test2 -->
        <test-method is-config="true" signature="browserClose()[pri:0, instance:com.Test.Test_2@6f204a1a]" started-at="2022-10-20T20:00:45 IST" name="browserClose" finished-at="2022-10-20T20:00:46 IST" duration-ms="487" status="PASS">
          <reporter-output>
          </reporter-output>
        </test-method> <!-- browserClose -->
      </class> <!-- com.Test.Test_2 -->
      <class name="com.Test.Test_1">
        <test-method is-config="true" signature="broswerOpen(java.lang.String)[pri:0, instance:com.Test.Test_1@3de8f619]" started-at="2022-10-20T19:59:58 IST" name="broswerOpen" finished-at="2022-10-20T20:00:25 IST" duration-ms="27803" status="PASS">
          <params>
            <param index="0">
              <value>
                <![CDATA[chrome]]>
              </value>
            </param>
          </params>
          <reporter-output>
          </reporter-output>
        </test-method> <!-- broswerOpen -->
        <test-method signature="verify_test1()[pri:0, instance:com.Test.Test_1@3de8f619]" started-at="2022-10-20T20:00:25 IST" name="verify_test1" finished-at="2022-10-20T20:00:31 IST" duration-ms="5904" status="FAIL">
          <exception class="java.lang.AssertionError">
            <message>
              <![CDATA[expected [Facebook] but found [Log in to Facebook]]]>
            </message>
            <full-stacktrace>
              <![CDATA[java.lang.AssertionError: expected [Facebook] but found [Log in to Facebook]
at org.testng.Assert.fail(Assert.java:99)
at org.testng.Assert.failNotEquals(Assert.java:1037)
at org.testng.Assert.assertEqualsImpl(Assert.java:140)
at org.testng.Assert.assertEquals(Assert.java:122)
at org.testng.Assert.assertEquals(Assert.java:629)
at org.testng.Assert.assertEquals(Assert.java:639)
at com.Test.Test_1.verify_test1(Test_1.java:27)
at java.base/jdk.internal.reflect.DirectMethodHandleAccessor.invoke(DirectMethodHandleAccessor.java:104)
at java.base/java.lang.reflect.Method.invoke(Method.java:577)
at org.testng.internal.MethodInvocationHelper.invokeMethod(MethodInvocationHelper.java:133)
at org.testng.internal.TestInvoker.invokeMethod(TestInvoker.java:598)
at org.testng.internal.TestInvoker.invokeTestMethod(TestInvoker.java:173)
at org.testng.internal.MethodRunner.runInSequence(MethodRunner.java:46)
at org.testng.internal.TestInvoker$MethodInvocationAgent.invoke(TestInvoker.java:824)
at org.testng.internal.TestInvoker.invokeTestMethods(TestInvoker.java:146)
at org.testng.internal.TestMethodWorker.invokeTestMethods(TestMethodWorker.java:146)
at org.testng.internal.TestMethodWorker.run(TestMethodWorker.java:128)
at java.base/java.util.ArrayList.forEach(ArrayList.java:1511)
at org.testng.TestRunner.privateRun(TestRunner.java:794)
at org.testng.TestRunner.run(TestRunner.java:596)
at org.testng.SuiteRunner.runTest(SuiteRunner.java:377)
at org.testng.SuiteRunner.runSequentially(SuiteRunner.java:371)
at org.testng.SuiteRunner.privateRun(SuiteRunner.java:332)
at org.testng.SuiteRunner.run(SuiteRunner.java:276)
at org.testng.SuiteRunnerWorker.runSuite(SuiteRunnerWorker.java:53)
at org.testng.SuiteRunnerWorker.run(SuiteRunnerWorker.java:96)
at org.testng.TestNG.runSuitesSequentially(TestNG.java:1212)
at org.testng.TestNG.runSuitesLocally(TestNG.java:1134)
at org.testng.TestNG.runSuites(TestNG.java:1063)
at org.testng.TestNG.run(TestNG.java:1031)
at org.testng.remote.AbstractRemoteTestNG.run(AbstractRemoteTestNG.java:115)
at org.testng.remote.RemoteTestNG.initAndRun(RemoteTestNG.java:251)
at org.testng.remote.RemoteTestNG.main(RemoteTestNG.java:77)
]]>
            </full-stacktrace>
          </exception> <!-- java.lang.AssertionError -->
          <reporter-output>
          </reporter-output>
        </test-method> <!-- verify_test1 -->
        <test-method is-config="true" signature="browserClose()[pri:0, instance:com.Test.Test_1@3de8f619]" started-at="2022-10-20T20:00:32 IST" name="browserClose" finished-at="2022-10-20T20:00:33 IST" duration-ms="925" status="PASS">
          <reporter-output>
          </reporter-output>
        </test-method> <!-- browserClose -->
      </class> <!-- com.Test.Test_1 -->
    </test> <!-- Test_chrome -->
    <test started-at="2022-10-20T20:00:47 IST" name="Test_edge" finished-at="2022-10-20T20:02:02 IST" duration-ms="75363">
      <class name="com.Test.Test_2">
        <test-method is-config="true" signature="broswerOpen(java.lang.String)[pri:0, instance:com.Test.Test_2@34bde49d]" started-at="2022-10-20T20:01:38 IST" name="broswerOpen" finished-at="2022-10-20T20:02:02 IST" duration-ms="23496" status="PASS">
          <params>
            <param index="0">
              <value>
                <![CDATA[edge]]>
              </value>
            </param>
          </params>
          <reporter-output>
          </reporter-output>
        </test-method> <!-- broswerOpen -->
        <test-method signature="test2()[pri:0, instance:com.Test.Test_2@34bde49d]" started-at="2022-10-20T20:02:02 IST" name="test2" finished-at="2022-10-20T20:02:02 IST" duration-ms="1" status="PASS">
          <reporter-output>
          </reporter-output>
        </test-method> <!-- test2 -->
        <test-method is-config="true" signature="browserClose()[pri:0, instance:com.Test.Test_2@34bde49d]" started-at="2022-10-20T20:02:02 IST" name="browserClose" finished-at="2022-10-20T20:02:02 IST" duration-ms="411" status="PASS">
          <reporter-output>
          </reporter-output>
        </test-method> <!-- browserClose -->
      </class> <!-- com.Test.Test_2 -->
      <class name="com.Test.Test_1">
        <test-method is-config="true" signature="BS_initialization()[pri:0, instance:com.Test.Test_1@23f5b5dc]" started-at="2022-10-20T19:59:56 IST" name="BS_initialization" finished-at="2022-10-20T19:59:58 IST" duration-ms="1157" status="PASS">
          <reporter-output>
          </reporter-output>
        </test-method> <!-- BS_initialization -->
        <test-method is-config="true" signature="broswerOpen(java.lang.String)[pri:0, instance:com.Test.Test_1@23f5b5dc]" started-at="2022-10-20T20:00:47 IST" name="broswerOpen" finished-at="2022-10-20T20:01:32 IST" duration-ms="45433" status="PASS">
          <params>
            <param index="0">
              <value>
                <![CDATA[edge]]>
              </value>
            </param>
          </params>
          <reporter-output>
          </reporter-output>
        </test-method> <!-- broswerOpen -->
        <test-method signature="verify_test1()[pri:0, instance:com.Test.Test_1@23f5b5dc]" started-at="2022-10-20T20:01:32 IST" name="verify_test1" finished-at="2022-10-20T20:01:37 IST" duration-ms="4992" status="FAIL">
          <exception class="java.lang.AssertionError">
            <message>
              <![CDATA[expected [Facebook] but found [Log in to Facebook]]]>
            </message>
            <full-stacktrace>
              <![CDATA[java.lang.AssertionError: expected [Facebook] but found [Log in to Facebook]
at org.testng.Assert.fail(Assert.java:99)
at org.testng.Assert.failNotEquals(Assert.java:1037)
at org.testng.Assert.assertEqualsImpl(Assert.java:140)
at org.testng.Assert.assertEquals(Assert.java:122)
at org.testng.Assert.assertEquals(Assert.java:629)
at org.testng.Assert.assertEquals(Assert.java:639)
at com.Test.Test_1.verify_test1(Test_1.java:27)
at java.base/jdk.internal.reflect.DirectMethodHandleAccessor.invoke(DirectMethodHandleAccessor.java:104)
at java.base/java.lang.reflect.Method.invoke(Method.java:577)
at org.testng.internal.MethodInvocationHelper.invokeMethod(MethodInvocationHelper.java:133)
at org.testng.internal.TestInvoker.invokeMethod(TestInvoker.java:598)
at org.testng.internal.TestInvoker.invokeTestMethod(TestInvoker.java:173)
at org.testng.internal.MethodRunner.runInSequence(MethodRunner.java:46)
at org.testng.internal.TestInvoker$MethodInvocationAgent.invoke(TestInvoker.java:824)
at org.testng.internal.TestInvoker.invokeTestMethods(TestInvoker.java:146)
at org.testng.internal.TestMethodWorker.invokeTestMethods(TestMethodWorker.java:146)
at org.testng.internal.TestMethodWorker.run(TestMethodWorker.java:128)
at java.base/java.util.ArrayList.forEach(ArrayList.java:1511)
at org.testng.TestRunner.privateRun(TestRunner.java:794)
at org.testng.TestRunner.run(TestRunner.java:596)
at org.testng.SuiteRunner.runTest(SuiteRunner.java:377)
at org.testng.SuiteRunner.runSequentially(SuiteRunner.java:371)
at org.testng.SuiteRunner.privateRun(SuiteRunner.java:332)
at org.testng.SuiteRunner.run(SuiteRunner.java:276)
at org.testng.SuiteRunnerWorker.runSuite(SuiteRunnerWorker.java:53)
at org.testng.SuiteRunnerWorker.run(SuiteRunnerWorker.java:96)
at org.testng.TestNG.runSuitesSequentially(TestNG.java:1212)
at org.testng.TestNG.runSuitesLocally(TestNG.java:1134)
at org.testng.TestNG.runSuites(TestNG.java:1063)
at org.testng.TestNG.run(TestNG.java:1031)
at org.testng.remote.AbstractRemoteTestNG.run(AbstractRemoteTestNG.java:115)
at org.testng.remote.RemoteTestNG.initAndRun(RemoteTestNG.java:251)
at org.testng.remote.RemoteTestNG.main(RemoteTestNG.java:77)
]]>
            </full-stacktrace>
          </exception> <!-- java.lang.AssertionError -->
          <reporter-output>
          </reporter-output>
        </test-method> <!-- verify_test1 -->
        <test-method is-config="true" signature="browserClose()[pri:0, instance:com.Test.Test_1@23f5b5dc]" started-at="2022-10-20T20:01:38 IST" name="browserClose" finished-at="2022-10-20T20:01:38 IST" duration-ms="749" status="PASS">
          <reporter-output>
          </reporter-output>
        </test-method> <!-- browserClose -->
      </class> <!-- com.Test.Test_1 -->
    </test> <!-- Test_edge -->
  </suite> <!-- Suite -->
</testng-results>
